SF:lib\features\home\data\get_sqlcode_data.dart
DA:15,1
DA:16,1
DA:20,1
DA:28,1
DA:29,2
DA:31,1
DA:32,1
DA:35,1
DA:37,1
DA:39,3
DA:40,2
DA:42,2
DA:43,5
DA:46,0
LF:14
LH:13
end_of_record
SF:lib\core\responses\get_sqlcode_response.dart
DA:5,2
LF:1
LH:1
end_of_record
SF:lib\features\home\data\models\body_data.dart
DA:10,1
DA:19,1
DA:20,1
DA:21,1
DA:22,1
DA:23,1
DA:24,1
DA:25,1
DA:26,1
DA:30,0
DA:31,0
DA:32,0
DA:33,0
DA:34,0
DA:35,0
DA:36,0
DA:37,0
DA:41,3
DA:43,0
DA:44,0
LF:20
LH:10
end_of_record
SF:lib\features\home\presenter\controllers\home_controller.store.g.dart
DA:12,1
DA:13,2
DA:15,1
DA:17,2
DA:18,1
DA:21,0
DA:23,0
DA:24,0
DA:28,1
DA:29,2
DA:31,1
DA:33,2
DA:34,1
DA:37,0
DA:39,0
DA:40,0
DA:44,1
DA:45,2
DA:47,1
DA:49,2
DA:50,1
DA:53,0
DA:55,0
DA:56,0
DA:63,0
DA:65,0
DA:66,0
DA:69,0
DA:71,0
DA:72,0
DA:76,1
DA:77,2
DA:79,1
DA:81,4
DA:84,0
DA:87,0
DA:88,0
DA:89,0
DA:90,0
DA:91,0
LF:40
LH:19
end_of_record
SF:lib\features\home\presenter\controllers\home_controller.store.dart
DA:10,1
DA:23,1
DA:25,4
DA:26,2
DA:27,2
DA:28,1
DA:29,3
LF:7
LH:7
end_of_record
